SQL> SELECT * FROM salgrade;

     GRADE      LOSAL      HISAL                                                                                                            
---------- ---------- ----------                                                                                                            
         1        700       1200                                                                                                            
         2       1201       1400                                                                                                            
         3       1401       2000                                                                                                            
         4       2001       3000                                                                                                            
         5       3001       9999                                                                                                            

SQL> SELECT ename, sal, grade
  2  FROM emp, salgrade
  3  WHERE sal BETWEEN losal AND hisal;

ENAME             SAL      GRADE                                                                                                            
---------- ---------- ----------                                                                                                            
SMITH             800          1                                                                                                            
JAMES             950          1                                                                                                            
ADAMS            1100          1                                                                                                            
WARD             1250          2                                                                                                            
MARTIN           1250          2                                                                                                            
MILLER           1300          2                                                                                                            
TURNER           1500          3                                                                                                            
ALLEN            1600          3                                                                                                            
CLARK            2450          4                                                                                                            
BLAKE            2850          4                                                                                                            
JONES            2975          4                                                                                                            
SCOTT            3000          4                                                                                                            
FORD             3000          4                                                                                                            
KING             5000          5                                                                                                            

14 개의 행이 선택되었습니다.

SQL> SELECT ename, sal, grade
  2  FROM emp, salgrade
  3  WHERE sal>=losal AND sal<=hisal;

ENAME             SAL      GRADE                                                                                                            
---------- ---------- ----------                                                                                                            
SMITH             800          1                                                                                                            
JAMES             950          1                                                                                                            
ADAMS            1100          1                                                                                                            
WARD             1250          2                                                                                                            
MARTIN           1250          2                                                                                                            
MILLER           1300          2                                                                                                            
TURNER           1500          3                                                                                                            
ALLEN            1600          3                                                                                                            
CLARK            2450          4                                                                                                            
BLAKE            2850          4                                                                                                            
JONES            2975          4                                                                                                            
SCOTT            3000          4                                                                                                            
FORD             3000          4                                                                                                            
KING             5000          5                                                                                                            

14 개의 행이 선택되었습니다.

SQL> SELECT e.ename, d.dname, s.grade
  2  FROM emp e, dept d, salgrade s
  3  WHERE e.deptno=d.deptno
  4  AND e.sal BETWEEN s.losal AND s.hisal;

ENAME      DNAME               GRADE                                                                                                        
---------- -------------- ----------                                                                                                        
KING       ACCOUNTING              5                                                                                                        
FORD       RESEARCH                4                                                                                                        
SCOTT      RESEARCH                4                                                                                                        
JONES      RESEARCH                4                                                                                                        
BLAKE      SALES                   4                                                                                                        
CLARK      ACCOUNTING              4                                                                                                        
ALLEN      SALES                   3                                                                                                        
TURNER     SALES                   3                                                                                                        
MILLER     ACCOUNTING              2                                                                                                        
WARD       SALES                   2                                                                                                        
MARTIN     SALES                   2                                                                                                        
ADAMS      RESEARCH                1                                                                                                        
JAMES      SALES                   1                                                                                                        
SMITH      RESEARCH                1                                                                                                        

14 개의 행이 선택되었습니다.

SQL> SELECT ename, mgr FROM emp;

ENAME             MGR                                                                                                                       
---------- ----------                                                                                                                       
SMITH            7902                                                                                                                       
ALLEN            7698                                                                                                                       
WARD             7698                                                                                                                       
JONES            7839                                                                                                                       
MARTIN           7698                                                                                                                       
BLAKE            7839                                                                                                                       
CLARK            7839                                                                                                                       
SCOTT            7566                                                                                                                       
KING                                                                                                                                        
TURNER           7698                                                                                                                       
ADAMS            7788                                                                                                                       
JAMES            7698                                                                                                                       
FORD             7566                                                                                                                       
MILLER           7782                                                                                                                       

14 개의 행이 선택되었습니다.

SQL> SELECT empno, ename FROM emp;

     EMPNO ENAME                                                                                                                            
---------- ----------                                                                                                                       
      7369 SMITH                                                                                                                            
      7499 ALLEN                                                                                                                            
      7521 WARD                                                                                                                             
      7566 JONES                                                                                                                            
      7654 MARTIN                                                                                                                           
      7698 BLAKE                                                                                                                            
      7782 CLARK                                                                                                                            
      7788 SCOTT                                                                                                                            
      7839 KING                                                                                                                             
      7844 TURNER                                                                                                                           
      7876 ADAMS                                                                                                                            
      7900 JAMES                                                                                                                            
      7902 FORD                                                                                                                             
      7934 MILLER                                                                                                                           

14 개의 행이 선택되었습니다.

SQL> SELECT e.ename, m.ename
  2  FROM emp e, emp m
  3  WHERE e.mgr=m.empno AND e.ename='SMITH';

ENAME      ENAME                                                                                                                            
---------- ----------                                                                                                                       
SMITH      FORD                                                                                                                             

SQL> SELECT employee.ename || '의 매니저는 ' || manager.ename || '입니다.'
  2  FROM emp employee, emp manager
  3  WHERE employee.mgr=manager.empno;

EMPLOYEE.ENAME||'의매니저는'||MANAGER.E                                                                                                     
---------------------------------------                                                                                                     
FORD의 매니저는 JONES입니다.                                                                                                                
SCOTT의 매니저는 JONES입니다.                                                                                                               
TURNER의 매니저는 BLAKE입니다.                                                                                                              
ALLEN의 매니저는 BLAKE입니다.                                                                                                               
WARD의 매니저는 BLAKE입니다.                                                                                                                
JAMES의 매니저는 BLAKE입니다.                                                                                                               
MARTIN의 매니저는 BLAKE입니다.                                                                                                              
MILLER의 매니저는 CLARK입니다.                                                                                                              
ADAMS의 매니저는 SCOTT입니다.                                                                                                               
BLAKE의 매니저는 KING입니다.                                                                                                                
JONES의 매니저는 KING입니다.                                                                                                                
CLARK의 매니저는 KING입니다.                                                                                                                
SMITH의 매니저는 FORD입니다.                                                                                                                

13 개의 행이 선택되었습니다.

SQL> SELECT COUNT(*) FROM emp;

  COUNT(*)                                                                                                                                  
----------                                                                                                                                  
        14                                                                                                                                  

SQL> SELECT empno, ename, job, mgr FROM emp;

     EMPNO ENAME      JOB              MGR                                                                                                  
---------- ---------- --------- ----------                                                                                                  
      7369 SMITH      CLERK           7902                                                                                                  
      7499 ALLEN      SALESMAN        7698                                                                                                  
      7521 WARD       SALESMAN        7698                                                                                                  
      7566 JONES      MANAGER         7839                                                                                                  
      7654 MARTIN     SALESMAN        7698                                                                                                  
      7698 BLAKE      MANAGER         7839                                                                                                  
      7782 CLARK      MANAGER         7839                                                                                                  
      7788 SCOTT      ANALYST         7566                                                                                                  
      7839 KING       PRESIDENT                                                                                                             
      7844 TURNER     SALESMAN        7698                                                                                                  
      7876 ADAMS      CLERK           7788                                                                                                  
      7900 JAMES      CLERK           7698                                                                                                  
      7902 FORD       ANALYST         7566                                                                                                  
      7934 MILLER     CLERK           7782                                                                                                  

14 개의 행이 선택되었습니다.

SQL> SELECT employee.ename || '의 매니저는 ' || manager.ename || '입니다.'
  2  FROM emp employee, emp manager
  3  WHERE employee.mgr=manager.empno(+);

EMPLOYEE.ENAME||'의매니저는'||MANAGER.E                                                                                                     
---------------------------------------                                                                                                     
FORD의 매니저는 JONES입니다.                                                                                                                
SCOTT의 매니저는 JONES입니다.                                                                                                               
JAMES의 매니저는 BLAKE입니다.                                                                                                               
TURNER의 매니저는 BLAKE입니다.                                                                                                              
MARTIN의 매니저는 BLAKE입니다.                                                                                                              
WARD의 매니저는 BLAKE입니다.                                                                                                                
ALLEN의 매니저는 BLAKE입니다.                                                                                                               
MILLER의 매니저는 CLARK입니다.                                                                                                              
ADAMS의 매니저는 SCOTT입니다.                                                                                                               
CLARK의 매니저는 KING입니다.                                                                                                                
BLAKE의 매니저는 KING입니다.                                                                                                                
JONES의 매니저는 KING입니다.                                                                                                                
SMITH의 매니저는 FORD입니다.                                                                                                                
KING의 매니저는 입니다.                                                                                                                     

14 개의 행이 선택되었습니다.

SQL> SPOOL OFF
